\BOOKMARK [0][-]{section*.1}{\376\377\000L\036\335\000i\000\040\000c\036\243\000m\000\040\001\241\000n}{}% 1
\BOOKMARK [0][-]{chapter*.3}{\376\377\000D\000a\000n\000h\000\040\000s\000\341\000c\000h\000\040\000h\000\354\000n\000h\000\040\000v\036\275}{}% 2
\BOOKMARK [0][-]{chapter*.4}{\376\377\000D\000a\000n\000h\000\040\000s\000\341\000c\000h\000\040\000b\000a\000n\000g}{}% 3
\BOOKMARK [0][-]{chapter*.5}{\376\377\000D\000a\000n\000h\000\040\000s\000\341\000c\000h\000\040\000t\000\352\000n\000\040\000v\000i\036\277\000t\000\040\000t\036\257\000t}{}% 4
\BOOKMARK [0][-]{chapter*.6}{\376\377\000M\036\336\000\040\001\020\036\246\000U}{}% 5
\BOOKMARK [0][-]{chapter.7}{\376\377\000T\036\324\000N\000G\000\040\000Q\000U\000A\000N}{}% 6
\BOOKMARK [1][-]{section.8}{\376\377\000N\000g\000\364\000n\000\040\000n\000g\036\357\000\040\000t\036\361\000\040\000n\000h\000i\000\352\000n}{chapter.7}% 7
\BOOKMARK [1][-]{section.9}{\376\377\000N\000g\000\364\000n\000\040\000n\000g\036\357\000\040\000T\000i\036\277\000n\000g\000\040\000A\000n\000h}{chapter.7}% 8
\BOOKMARK [1][-]{section.10}{\376\377\000X\036\355\000\040\000l\000\375\000\040\000n\000g\000\364\000n\000\040\000n\000g\036\357\000\040\000t\036\361\000\040\000n\000h\000i\000\352\000n}{chapter.7}% 9
\BOOKMARK [1][-]{section.13}{\376\377\000N\000h\036\255\000n\000\040\000d\000i\036\307\000n\000\040\000c\036\243\000m\000\040\000x\000\372\000c\000\040\000t\000r\000o\000n\000g\000\040\000v\001\003\000n\000\040\000b\036\243\000n}{chapter.7}% 10
\BOOKMARK [2][-]{subsection.14}{\376\377\000K\000h\000\341\000i\000\040\000n\000i\036\307\000m\000\040\000v\036\301\000\040\000c\036\243\000m\000\040\000x\000\372\000c\000\040\000d\001\260\036\333\000i\000\040\000g\000\363\000c\000\040\000n\000h\000\354\000n\000\040\000k\000h\000o\000a\000\040\000h\036\315\000c}{section.13}% 11
\BOOKMARK [2][-]{subsection.19}{\376\377\000B\000\340\000i\000\040\000t\000o\000\341\000n\000\040\000n\000h\036\255\000n\000\040\000d\000i\036\307\000n\000\040\000c\036\243\000m\000\040\000x\000\372\000c\000\040\000t\036\353\000\040\000v\001\003\000n\000\040\000b\036\243\000n}{section.13}% 12
\BOOKMARK [1][-]{section.20}{\376\377\000B\000\340\000i\000\040\000t\000o\000\341\000n\000\040\000p\000h\000\342\000n\000\040\000l\000o\036\241\000i\000\040\001\021\000a\000\040\000n\000h\000\343\000n}{chapter.7}% 13
\BOOKMARK [1][-]{section.22}{\376\377\000K\000i\036\277\000n\000\040\000t\000r\000\372\000c\000\040\000t\036\325\000n\000g\000\040\000q\000u\000a\000n\000\040\000c\036\347\000a\000\040\000d\036\361\000\040\000\341\000n}{chapter.7}% 14
\BOOKMARK [0][-]{chapter.24}{\376\377\000C\001\240\000\040\000S\036\336\000\040\000L\000\335\000\040\000T\000H\000U\000Y\036\276\000T}{}% 15
\BOOKMARK [1][-]{section.25}{\376\377\000C\000\341\000c\000\040\000p\000h\001\260\001\241\000n\000g\000\040\000p\000h\000\341\000p\000\040\000b\000i\036\303\000u\000\040\000d\000i\036\305\000n\000\040\000v\001\003\000n\000\040\000b\036\243\000n}{chapter.24}% 16
\BOOKMARK [2][-]{subsection.26}{\376\377\000P\000h\001\260\001\241\000n\000g\000\040\000p\000h\000\341\000p\000\040\000T\000F\000\040\000-\000\040\000I\000D\000F}{section.25}% 17
\BOOKMARK [2][-]{subsection.30}{\376\377\000P\000h\001\260\001\241\000n\000g\000\040\000p\000h\000\341\000p\000\040\000W\000o\000r\000d\0002\000V\000e\000c}{section.25}% 18
\BOOKMARK [1][-]{section.32}{\376\377\000C\000\341\000c\000\040\000m\000\364\000\040\000h\000\354\000n\000h\000\040\000h\036\315\000c\000\040\000m\000\341\000y}{chapter.24}% 19
\BOOKMARK [2][-]{subsection.33}{\376\377\000L\000o\000g\000i\000s\000t\000i\000c\000\040\000R\000e\000g\000r\000e\000s\000s\000i\000o\000n}{section.32}% 20
\BOOKMARK [3][-]{subsubsection.34}{\376\377\000L\000o\000g\000i\000s\000t\000i\000c\000\040\000R\000e\000g\000r\000e\000s\000s\000i\000o\000n}{subsection.33}% 21
\BOOKMARK [3][-]{subsubsection.35}{\376\377\000H\000\340\000m\000\040\000S\000i\000g\000m\000o\000i\000d\000\040\000v\000\340\000\040\000c\001\241\000\040\000c\000h\036\277\000\040\000k\000\355\000c\000h\000\040\000h\000o\036\241\000t\000\040\000x\000\341\000c\000\040\000s\000u\036\245\000t}{subsection.33}% 22
\BOOKMARK [3][-]{subsubsection.38}{\376\377\000S\036\361\000\040\000t\001\260\001\241\000n\000g\000\040\000q\000u\000a\000n\000\040\000m\036\301\000m\000\040\000d\036\273\000o}{subsection.33}% 23
\BOOKMARK [2][-]{subsection.39}{\376\377\000R\000a\000n\000d\000o\000m\000\040\000F\000o\000r\000e\000s\000t}{section.32}% 24
\BOOKMARK [3][-]{subsubsection.40}{\376\377\000H\036\315\000c\000\040\000t\036\325\000\040\000h\036\343\000p\000\040\000\050\000E\000n\000s\000e\000m\000b\000l\000e\000\040\000L\000e\000a\000r\000n\000i\000n\000g\000\051}{subsection.39}% 25
\BOOKMARK [3][-]{subsubsection.41}{\376\377\000C\001\241\000\040\000c\000h\036\277\000\040\000b\036\317\000\040\000p\000h\000i\036\277\000u\000\040\000s\036\321\000\040\001\021\000\364\000n\000g}{subsection.39}% 26
\BOOKMARK [3][-]{subsubsection.42}{\376\377\000D\000e\000c\000i\000s\000i\000o\000n\000\040\000T\000r\000e\000e}{subsection.39}% 27
\BOOKMARK [3][-]{subsubsection.43}{\376\377\000R\000a\000n\000d\000o\000m\000\040\000F\000o\000r\000e\000s\000t}{subsection.39}% 28
\BOOKMARK [2][-]{subsection.45}{\376\377\000S\000u\000p\000p\000o\000r\000t\000\040\000V\000e\000c\000t\000o\000r\000\040\000M\000a\000c\000h\000i\000n\000e\000\040\000\050\000L\000i\000n\000e\000a\000r\000\040\000S\000V\000C\000\051}{section.32}% 29
\BOOKMARK [3][-]{subsubsection.46}{\376\377\000T\036\325\000n\000g\000\040\000q\000u\000a\000n\000\040\000v\036\301\000\040\000S\000u\000p\000p\000o\000r\000t\000\040\000V\000e\000c\000t\000o\000r\000\040\000M\000a\000c\000h\000i\000n\000e\000\040\000\050\000L\000i\000n\000e\000a\000r\000\040\000S\000V\000C\000\051}{subsection.45}% 30
\BOOKMARK [3][-]{subsubsection.47}{\376\377\000K\000h\000\341\000i\000\040\000n\000i\036\307\000m\000\040\000s\000i\000\352\000u\000\040\000p\000h\036\263\000n\000g\000\040\000\050\000H\000y\000p\000e\000r\000p\000l\000a\000n\000e\000\051}{subsection.45}% 31
\BOOKMARK [3][-]{subsubsection.48}{\376\377\000T\036\321\000i\000\040\001\021\000a\000\040\000h\000\363\000a\000\040\000k\000h\000o\036\243\000n\000g\000\040\000c\000\341\000c\000h\000\040\000\050\000M\000a\000x\000-\000M\000a\000r\000g\000i\000n\000\051\000\040\000v\000\340\000\040\000S\000u\000p\000p\000o\000r\000t\000\040\000V\000e\000c\000t\000o\000r\000s}{subsection.45}% 32
\BOOKMARK [1][-]{section.49}{\376\377\000C\000\341\000c\000\040\000m\000\364\000\040\000h\000\354\000n\000h\000\040\000h\036\315\000c\000\040\000s\000\342\000u}{chapter.24}% 33
\BOOKMARK [2][-]{subsection.50}{\376\377\000C\000N\000N}{section.49}% 34
\BOOKMARK [3][-]{subsubsection.51}{\376\377\000C\036\245\000u\000\040\000t\000r\000\372\000c\000\040\000c\036\347\000a\000\040\000C\000N\000N}{subsection.50}% 35
\BOOKMARK [2][-]{subsection.53}{\376\377\000L\000S\000T\000M}{section.49}% 36
\BOOKMARK [1][-]{section.60}{\376\377\000C\000\341\000c\000\040\000c\000h\036\311\000\040\000s\036\321\000\040\001\021\000\341\000n\000h\000\040\000g\000i\000\341}{chapter.24}% 37
\BOOKMARK [2][-]{subsection.61}{\376\377\000P\000r\000e\000c\000i\000s\000i\000o\000n\000\040\000\050\001\020\036\331\000\040\000c\000h\000\355\000n\000h\000\040\000x\000\341\000c\000\051}{section.60}% 38
\BOOKMARK [2][-]{subsection.62}{\376\377\000R\000e\000c\000a\000l\000l\000\040\000\050\001\020\036\331\000\040\000b\000a\000o\000\040\000p\000h\036\347\000\051}{section.60}% 39
\BOOKMARK [2][-]{subsection.63}{\376\377\001\020\000\341\000n\000h\000\040\000g\000i\000\341\000\040\000t\036\325\000n\000g\000\040\000t\000h\036\303\000\040\000h\036\307\000\040\000t\000h\036\321\000n\000g}{section.60}% 40
\BOOKMARK [2][-]{subsection.64}{\376\377\001\020\001\260\036\335\000n\000g\000\040\000c\000o\000n\000g\000\040\000h\036\315\000c\000\040\000t\036\255\000p\000\040\000\050\000L\000e\000a\000r\000n\000i\000n\000g\000\040\000C\000u\000r\000v\000e\000\051\000\040\000v\000\340\000\040\000c\001\241\000\040\000c\000h\036\277\000\040\000d\036\353\000n\000g\000\040\000s\036\333\000m}{section.60}% 41
\BOOKMARK [0][-]{chapter.65}{\376\377\000T\000H\036\360\000C\000\040\000N\000G\000H\000I\036\306\000M}{}% 42
\BOOKMARK [1][-]{section.66}{\376\377\000P\000h\000\342\000n\000\040\000t\000\355\000c\000h\000\040\000d\036\357\000\040\000l\000i\036\307\000u}{chapter.65}% 43
\BOOKMARK [2][-]{subsection.67}{\376\377\000K\000h\000\341\000i\000\040\000q\000u\000\341\000t\000\040\000v\036\301\000\040\000t\036\255\000p\000\040\000d\036\357\000\040\000l\000i\036\307\000u\000\040\000G\000o\000E\000m\000o\000t\000i\000o\000n\000s}{section.66}% 44
\BOOKMARK [2][-]{subsection.71}{\376\377\000P\000h\000\342\000n\000\040\000b\036\321\000\040\000n\000h\000\343\000n\000\040\000c\036\243\000m\000\040\000x\000\372\000c}{section.66}% 45
\BOOKMARK [2][-]{subsection.73}{\376\377\000T\001\260\001\241\000n\000g\000\040\000q\000u\000a\000n\000\040\000g\000i\036\357\000a\000\040\000c\000\341\000c\000\040\000n\000h\000\343\000n}{section.66}% 46
\BOOKMARK [1][-]{section.75}{\376\377\000T\000i\036\301\000n\000\040\000x\036\355\000\040\000l\000\375}{chapter.65}% 47
\BOOKMARK [2][-]{subsection.76}{\376\377\000L\000\340\000m\000\040\000s\036\241\000c\000h\000\040\000v\001\003\000n\000\040\000b\036\243\000n}{section.75}% 48
\BOOKMARK [2][-]{subsection.78}{\376\377\000B\000i\036\303\000u\000\040\000d\000i\036\305\000n\000\040\000v\001\003\000n\000\040\000b\036\243\000n\000\040\000v\000\340\000\040\000t\000r\000\355\000c\000h\000\040\000x\000u\036\245\000t\000\040\001\021\036\267\000c\000\040\000t\000r\001\260\000n\000g}{section.75}% 49
\BOOKMARK [3][-]{subsubsection.79}{\376\377\000B\000i\036\303\000u\000\040\000d\000i\036\305\000n\000\040\000v\001\003\000n\000\040\000b\036\243\000n\000\040\000b\036\261\000n\000g\000\040\000p\000h\001\260\001\241\000n\000g\000\040\000p\000h\000\341\000p\000\040\000T\000F\000\040\000-\000\040\000I\000D\000F}{subsection.78}% 50
\BOOKMARK [3][-]{subsubsection.80}{\376\377\000P\000h\001\260\001\241\000n\000g\000\040\000p\000h\000\341\000p\000\040\000n\000h\000\372\000n\000g\000\040\000t\036\353\000\040\000W\000o\000r\000d\0002\000V\000e\000c}{subsection.78}% 51
\BOOKMARK [1][-]{section.81}{\376\377\000H\000u\036\245\000n\000\040\000l\000u\000y\036\307\000n\000\040\000m\000\364\000\040\000h\000\354\000n\000h}{chapter.65}% 52
\BOOKMARK [2][-]{subsection.82}{\376\377\000M\000\364\000\040\000h\000\354\000n\000h\000\040\000h\036\323\000i\000\040\000q\000u\000y\000\040\000L\000o\000g\000i\000s\000i\000c}{section.81}% 53
\BOOKMARK [2][-]{subsection.83}{\376\377\000M\000\364\000\040\000h\000\354\000n\000h\000\040\000R\000a\000n\000d\000o\000m\000\040\000F\000o\000r\000e\000s\000t}{section.81}% 54
\BOOKMARK [2][-]{subsection.84}{\376\377\000M\000\364\000\040\000h\000\354\000n\000h\000\040\000S\000u\000p\000p\000o\000r\000t\000\040\000V\000e\000c\000t\000o\000r\000\040\000M\000a\000c\000h\000i\000n\000e\000\040\000\050\000S\000V\000M\000\051}{section.81}% 55
\BOOKMARK [2][-]{subsection.85}{\376\377\000M\000\364\000\040\000h\000\354\000n\000h\000\040\000C\000N\000N\000\040\000\050\0001\000D\000\040\000-\000\040\000C\000N\000N\000\051}{section.81}% 56
\BOOKMARK [2][-]{subsection.86}{\376\377\000M\000\364\000\040\000h\000\354\000n\000h\000\040\000L\000S\000T\000M}{section.81}% 57
\BOOKMARK [1][-]{section.87}{\376\377\001\020\000\341\000n\000h\000\040\000g\000i\000\341\000\040\000m\000\364\000\040\000h\000\354\000n\000h}{chapter.65}% 58
\BOOKMARK [2][-]{subsection.88}{\376\377\000B\000\341\000o\000\040\000c\000\341\000o\000\040\000p\000h\000\342\000n\000\040\000l\000o\036\241\000i}{section.87}% 59
\BOOKMARK [2][-]{subsection.89}{\376\377\000M\000a\000\040\000t\000r\036\255\000n\000\040\000n\000h\036\247\000m\000\040\000l\036\253\000n}{section.87}% 60
\BOOKMARK [2][-]{subsection.90}{\376\377\001\020\001\260\036\335\000n\000g\000\040\000c\000o\000n\000g\000\040\000h\036\315\000c\000\040\000t\036\255\000p\000\040\000\050\000L\000e\000a\000r\000n\000i\000n\000g\000\040\000C\000u\000r\000v\000e\000\040\000/\000\040\000L\000o\000s\000s\000\040\000C\000u\000r\000v\000e\000\051}{section.87}% 61
\BOOKMARK [0][-]{chapter.91}{\376\377\000K\036\276\000T\000\040\000Q\000U\036\242\000\040\000V\000\300\000\040\000T\000H\036\242\000O\000\040\000L\000U\036\254\000N}{}% 62
\BOOKMARK [1][-]{section.92}{\376\377\000K\036\277\000t\000\040\000q\000u\036\243}{chapter.91}% 63
\BOOKMARK [2][-]{subsection.93}{\376\377\000H\036\323\000i\000\040\000q\000u\000y\000\040\000L\000o\000g\000i\000s\000t\000i\000c\000\040\000+\000\040\000T\000F\000\040\000-\000\040\000I\000D\000F}{section.92}% 64
\BOOKMARK [2][-]{subsection.96}{\376\377\000R\000a\000n\000d\000o\000m\000\040\000F\000o\000r\000e\000s\000t\000\040\000+\000\040\000T\000F\000\040\000-\000\040\000I\000D\000F}{section.92}% 65
\BOOKMARK [3][-]{subsubsection.99}{\376\377\000L\000i\000n\000e\000a\000r\000S\000V\000C\000\040\000+\000\040\000T\000F\000\040\000-\000\040\000I\000D\000F}{subsection.96}% 66
\BOOKMARK [2][-]{subsection.102}{\376\377\000M\000u\000l\000t\000i\000-\000K\000e\000r\000n\000e\000l\000\040\0001\000D\000\040\000C\000N\000N\000\040\000+\000\040\000W\000o\000r\000d\0002\000V\000e\000c}{section.92}% 67
\BOOKMARK [2][-]{subsection.106}{\376\377\000L\000S\000T\000M\000\040\000+\000\040\000W\000o\000r\000d\0002\000V\000e\000c}{section.92}% 68
\BOOKMARK [1][-]{section.110}{\376\377\000S\000o\000\040\000s\000\341\000n\000h}{chapter.91}% 69
\BOOKMARK [1][-]{section.111}{\376\377\001\257\000u\000\040\000n\000h\001\260\036\343\000c\000\040\001\021\000i\036\303\000m\000\040\000c\036\347\000a\000\040\000c\000\341\000c\000\040\000m\000\364\000\040\000h\000\354\000n\000h}{chapter.91}% 70
\BOOKMARK [1][-]{section.112}{\376\377\000K\036\277\000t\000\040\000q\000u\036\243\000\040\000t\000h\036\361\000c\000\040\000n\000g\000h\000i\036\307\000m\000\040\000t\000r\036\361\000c\000\040\000q\000u\000a\000n\000\040\000t\000r\000\352\000n\000\040\000v\001\003\000n\000\040\000b\036\243\000n\000\040\000t\000h\036\361\000c\000\040\000t\036\277}{chapter.91}% 71
\BOOKMARK [2][-]{subsection.113}{\376\377\000K\036\313\000c\000h\000\040\000b\036\243\000n\000\040\000t\000h\036\361\000c\000\040\000n\000g\000h\000i\036\307\000m}{section.112}% 72
\BOOKMARK [2][-]{subsection.114}{\376\377\000K\036\277\000t\000\040\000q\000u\036\243\000\040\000t\000h\036\361\000c\000\040\000n\000g\000h\000i\036\307\000m}{section.112}% 73
\BOOKMARK [2][-]{subsection.120}{\376\377\000S\000o\000\040\000s\000\341\000n\000h\000\040\000k\036\277\000t\000\040\000q\000u\036\243\000\040\000t\000h\036\361\000c\000\040\000n\000g\000h\000i\036\307\000m\000\040\0005\000\040\000m\000\364\000\040\000h\000\354\000n\000h}{section.112}% 74
\BOOKMARK [0][-]{chapter.121}{\376\377\000K\036\276\000T\000\040\000L\000U\036\254\000N\000\040\000V\000\300\000\040\000H\001\257\036\332\000N\000G\000\040\000P\000H\000\301\000T\000\040\000T\000R\000I\036\302\000N}{}% 75
\BOOKMARK [1][-]{section.122}{\376\377\000K\036\277\000t\000\040\000q\000u\036\243\000\040\001\021\036\241\000t\000\040\001\021\001\260\036\343\000c}{chapter.121}% 76
\BOOKMARK [1][-]{section.123}{\376\377\000H\001\260\036\333\000n\000g\000\040\000p\000h\000\341\000t\000\040\000t\000r\000i\036\303\000n\000\040\000t\000r\000o\000n\000g\000\040\000t\001\260\001\241\000n\000g\000\040\000l\000a\000i}{chapter.121}% 77
\BOOKMARK [1][-]{section.124}{\376\377\000T\000\340\000i\000\040\000l\000i\036\307\000u\000\040\000m\000\343\000\040\000n\000g\000u\036\323\000n\000\040\000m\036\337}{chapter.121}% 78
\BOOKMARK [0][-]{chapter*.125}{\376\377\000T\000\340\000i\000\040\000l\000i\036\307\000u\000\040\000t\000h\000a\000m\000\040\000k\000h\036\243\000o}{}% 79
\BOOKMARK [0][-]{appendix.126}{\376\377\001\020\036\313\000n\000h\000\040\000n\000g\000h\001\051\000a\000\040\000c\000\341\000c\000\040\000n\000h\000\343\000n\000\040\000c\036\243\000m\000\040\000x\000\372\000c}{}% 80
\BOOKMARK [0][-]{appendix.155}{\376\377\000T\000h\036\321\000n\000g\000\040\000k\000\352\000\040\000p\000h\000\342\000n\000\040\000p\000h\036\321\000i\000\040\000s\036\321\000\040\000l\001\260\036\343\000n\000g\000\040\000n\000h\000\343\000n\000\040\000t\000r\000\352\000n\000\040\000m\036\327\000i\000\040\000m\036\253\000u\000\040\000d\036\357\000\040\000l\000i\036\307\000u}{}% 81
\BOOKMARK [0][-]{appendix.157}{\376\377\000B\036\243\000n\000g\000\040\000p\000h\000\342\000n\000\040\000c\000\364\000n\000g\000\040\000c\000\364\000n\000g\000\040\000v\000i\036\307\000c}{}% 82
